build/app/intermediates/manifest_merge_blame_file/debug/manifest-merger-blame-debug-report.txt
1<?xml version="1.0" encoding="utf-8"?>
2<manifest xmlns:android="http://schemas.android.com/apk/res/android"
3    package="com.example.project_1"
4    android:versionCode="1"
5    android:versionName="1.0.0" >
6
7    <uses-sdk
8        android:minSdkVersion="21"
9        android:targetSdkVersion="33" />
10    <!--
11         The INTERNET permission is required for development. Specifically,
12         the Flutter tool needs it to communicate with the running application
13         to allow setting breakpoints, to provide hot reload, etc.
14    -->
15    <uses-permission android:name="android.permission.INTERNET" />
15-->src\debug\AndroidManifest.xml:6:5-66
15-->src\debug\AndroidManifest.xml:6:22-64
16    <uses-permission android:name="android.permission.WAKE_LOCK" />
16-->[:firebase_messaging] AndroidManifest.xml:10:5-68
16-->[:firebase_messaging] AndroidManifest.xml:10:22-65
17    <uses-permission android:name="android.permission.ACCESS_NETWORK_STATE" /> <!-- Permissions options for the `notification` group -->
17-->[:firebase_messaging] AndroidManifest.xml:11:5-79
17-->[:firebase_messaging] AndroidManifest.xml:11:22-76
18    <uses-permission android:name="android.permission.POST_NOTIFICATIONS" />
18-->[:firebase_messaging] AndroidManifest.xml:13:5-77
18-->[:firebase_messaging] AndroidManifest.xml:13:22-74
19
20    <queries>
20-->[:flutter_inappwebview] AndroidManifest.xml:9:5-13:15
21        <intent>
21-->[:flutter_inappwebview] AndroidManifest.xml:10:9-12:18
22            <action android:name="android.support.customtabs.action.CustomTabsService" />
22-->[:flutter_inappwebview] AndroidManifest.xml:11:13-90
22-->[:flutter_inappwebview] AndroidManifest.xml:11:21-87
23        </intent>
24        <!-- Needs to be explicitly declared on Android R+ -->
25        <package android:name="com.google.android.apps.maps" />
25-->[com.google.android.gms:play-services-maps:18.0.2] AndroidManifest.xml:33:9-64
25-->[com.google.android.gms:play-services-maps:18.0.2] AndroidManifest.xml:33:18-61
26    </queries> <!-- Required by older versions of Google Play services to create IID tokens -->
27    <uses-permission android:name="com.google.android.c2dm.permission.RECEIVE" />
27-->[com.google.firebase:firebase-messaging:23.4.1] AndroidManifest.xml:26:5-82
27-->[com.google.firebase:firebase-messaging:23.4.1] AndroidManifest.xml:26:22-79
28    <uses-permission android:name="com.google.android.providers.gsf.permission.READ_GSERVICES" />
28-->[com.google.android.recaptcha:recaptcha:18.4.0] AndroidManifest.xml:9:5-98
28-->[com.google.android.recaptcha:recaptcha:18.4.0] AndroidManifest.xml:9:22-95
29
30    <uses-feature
30-->[com.google.android.gms:play-services-maps:18.0.2] AndroidManifest.xml:26:5-28:35
31        android:glEsVersion="0x00020000"
31-->[com.google.android.gms:play-services-maps:18.0.2] AndroidManifest.xml:27:9-41
32        android:required="true" />
32-->[com.google.android.gms:play-services-maps:18.0.2] AndroidManifest.xml:28:9-32
33
34    <permission
34-->[androidx.core:core:1.9.0] AndroidManifest.xml:22:5-24:47
35        android:name="com.example.project_1.DYNAMIC_RECEIVER_NOT_EXPORTED_PERMISSION"
35-->[androidx.core:core:1.9.0] AndroidManifest.xml:23:9-81
36        android:protectionLevel="signature" />
36-->[androidx.core:core:1.9.0] AndroidManifest.xml:24:9-44
37
38    <uses-permission android:name="com.example.project_1.DYNAMIC_RECEIVER_NOT_EXPORTED_PERMISSION" />
38-->[androidx.core:core:1.9.0] AndroidManifest.xml:26:5-97
38-->[androidx.core:core:1.9.0] AndroidManifest.xml:26:22-94
39
40    <application
41        android:name="io.flutter.app.FlutterMultiDexApplication"
42        android:appComponentFactory="androidx.core.app.CoreComponentFactory"
42-->[androidx.core:core:1.9.0] AndroidManifest.xml:28:18-86
43        android:debuggable="true"
44        android:icon="@mipmap/ic_launcher"
45        android:label="project_1" >
46        <activity
47            android:name="com.example.project_1.MainActivity"
48            android:configChanges="orientation|keyboardHidden|keyboard|screenSize|smallestScreenSize|locale|layoutDirection|fontScale|screenLayout|density|uiMode"
49            android:exported="true"
50            android:hardwareAccelerated="true"
51            android:launchMode="singleTop"
52            android:theme="@style/LaunchTheme"
53            android:windowSoftInputMode="adjustResize" >
54
55            <!--
56                 Specifies an Android theme to apply to this Activity as soon as
57                 the Android process has started. This theme is visible to the user
58                 while the Flutter UI initializes. After that, this theme continues
59                 to determine the Window background behind the Flutter UI.
60            -->
61            <meta-data
62                android:name="io.flutter.embedding.android.NormalTheme"
63                android:resource="@style/NormalTheme" />
64
65            <intent-filter>
66                <action android:name="android.intent.action.MAIN" />
67
68                <category android:name="android.intent.category.LAUNCHER" />
69            </intent-filter>
70        </activity>
71        <!--
72             Don't delete the meta-data below.
73             This is used by the Flutter tool to generate GeneratedPluginRegistrant.java
74        -->
75        <meta-data
76            android:name="flutterEmbedding"
77            android:value="2" />
78
79        <service
79-->[:firebase_auth] AndroidManifest.xml:10:9-14:19
80            android:name="com.google.firebase.components.ComponentDiscoveryService"
80-->[:firebase_auth] AndroidManifest.xml:10:18-89
81            android:directBootAware="true"
81-->[com.google.firebase:firebase-common:20.4.3] AndroidManifest.xml:32:13-43
82            android:exported="false" >
82-->[com.google.firebase:firebase-auth:22.3.1] AndroidManifest.xml:68:13-37
83            <meta-data
83-->[:firebase_auth] AndroidManifest.xml:11:13-13:85
84                android:name="com.google.firebase.components:io.flutter.plugins.firebase.auth.FlutterFirebaseAuthRegistrar"
84-->[:firebase_auth] AndroidManifest.xml:12:17-124
85                android:value="com.google.firebase.components.ComponentRegistrar" />
85-->[:firebase_auth] AndroidManifest.xml:13:17-82
86            <meta-data
86-->[:firebase_database] AndroidManifest.xml:11:13-13:85
87                android:name="com.google.firebase.components:io.flutter.plugins.firebase.database.FlutterFirebaseAppRegistrar"
87-->[:firebase_database] AndroidManifest.xml:12:17-127
88                android:value="com.google.firebase.components.ComponentRegistrar" />
88-->[:firebase_database] AndroidManifest.xml:13:17-82
89            <meta-data
89-->[:cloud_firestore] AndroidManifest.xml:11:13-13:85
90                android:name="com.google.firebase.components:io.flutter.plugins.firebase.firestore.FlutterFirebaseFirestoreRegistrar"
90-->[:cloud_firestore] AndroidManifest.xml:12:17-134
91                android:value="com.google.firebase.components.ComponentRegistrar" />
91-->[:cloud_firestore] AndroidManifest.xml:13:17-82
92            <meta-data
92-->[:firebase_messaging] AndroidManifest.xml:38:13-40:85
93                android:name="com.google.firebase.components:io.flutter.plugins.firebase.messaging.FlutterFirebaseAppRegistrar"
93-->[:firebase_messaging] AndroidManifest.xml:39:17-128
94                android:value="com.google.firebase.components.ComponentRegistrar" />
94-->[:firebase_messaging] AndroidManifest.xml:40:17-82
95            <meta-data
95-->[:firebase_core] AndroidManifest.xml:11:13-13:85
96                android:name="com.google.firebase.components:io.flutter.plugins.firebase.core.FlutterFirebaseCoreRegistrar"
96-->[:firebase_core] AndroidManifest.xml:12:17-124
97                android:value="com.google.firebase.components.ComponentRegistrar" />
97-->[:firebase_core] AndroidManifest.xml:13:17-82
98            <meta-data
98-->[com.google.firebase:firebase-auth:22.3.1] AndroidManifest.xml:69:13-71:85
99                android:name="com.google.firebase.components:com.google.firebase.auth.FirebaseAuthRegistrar"
99-->[com.google.firebase:firebase-auth:22.3.1] AndroidManifest.xml:70:17-109
100                android:value="com.google.firebase.components.ComponentRegistrar" />
100-->[com.google.firebase:firebase-auth:22.3.1] AndroidManifest.xml:71:17-82
101            <meta-data
101-->[com.google.firebase:firebase-firestore:24.11.0] AndroidManifest.xml:17:13-19:85
102                android:name="com.google.firebase.components:com.google.firebase.firestore.FirebaseFirestoreKtxRegistrar"
102-->[com.google.firebase:firebase-firestore:24.11.0] AndroidManifest.xml:18:17-122
103                android:value="com.google.firebase.components.ComponentRegistrar" />
103-->[com.google.firebase:firebase-firestore:24.11.0] AndroidManifest.xml:19:17-82
104            <meta-data
104-->[com.google.firebase:firebase-firestore:24.11.0] AndroidManifest.xml:20:13-22:85
105                android:name="com.google.firebase.components:com.google.firebase.firestore.FirestoreRegistrar"
105-->[com.google.firebase:firebase-firestore:24.11.0] AndroidManifest.xml:21:17-111
106                android:value="com.google.firebase.components.ComponentRegistrar" />
106-->[com.google.firebase:firebase-firestore:24.11.0] AndroidManifest.xml:22:17-82
107            <meta-data
107-->[com.google.firebase:firebase-messaging:23.4.1] AndroidManifest.xml:57:13-59:85
108                android:name="com.google.firebase.components:com.google.firebase.messaging.FirebaseMessagingKtxRegistrar"
108-->[com.google.firebase:firebase-messaging:23.4.1] AndroidManifest.xml:58:17-122
109                android:value="com.google.firebase.components.ComponentRegistrar" />
109-->[com.google.firebase:firebase-messaging:23.4.1] AndroidManifest.xml:59:17-82
110            <meta-data
110-->[com.google.firebase:firebase-messaging:23.4.1] AndroidManifest.xml:60:13-62:85
111                android:name="com.google.firebase.components:com.google.firebase.messaging.FirebaseMessagingRegistrar"
111-->[com.google.firebase:firebase-messaging:23.4.1] AndroidManifest.xml:61:17-119
112                android:value="com.google.firebase.components.ComponentRegistrar" />
112-->[com.google.firebase:firebase-messaging:23.4.1] AndroidManifest.xml:62:17-82
113            <meta-data
113-->[com.google.firebase:firebase-database:20.3.1] AndroidManifest.xml:29:13-31:85
114                android:name="com.google.firebase.components:com.google.firebase.database.FirebaseDatabaseKtxRegistrar"
114-->[com.google.firebase:firebase-database:20.3.1] AndroidManifest.xml:30:17-120
115                android:value="com.google.firebase.components.ComponentRegistrar" />
115-->[com.google.firebase:firebase-database:20.3.1] AndroidManifest.xml:31:17-82
116            <meta-data
116-->[com.google.firebase:firebase-database:20.3.1] AndroidManifest.xml:32:13-34:85
117                android:name="com.google.firebase.components:com.google.firebase.database.DatabaseRegistrar"
117-->[com.google.firebase:firebase-database:20.3.1] AndroidManifest.xml:33:17-109
118                android:value="com.google.firebase.components.ComponentRegistrar" />
118-->[com.google.firebase:firebase-database:20.3.1] AndroidManifest.xml:34:17-82
119            <meta-data
119-->[com.google.firebase:firebase-iid:21.1.0] AndroidManifest.xml:32:13-34:85
120                android:name="com.google.firebase.components:com.google.firebase.iid.Registrar"
120-->[com.google.firebase:firebase-iid:21.1.0] AndroidManifest.xml:33:17-96
121                android:value="com.google.firebase.components.ComponentRegistrar" />
121-->[com.google.firebase:firebase-iid:21.1.0] AndroidManifest.xml:34:17-82
122            <meta-data
122-->[com.google.firebase:firebase-installations:17.2.0] AndroidManifest.xml:15:13-17:85
123                android:name="com.google.firebase.components:com.google.firebase.installations.FirebaseInstallationsKtxRegistrar"
123-->[com.google.firebase:firebase-installations:17.2.0] AndroidManifest.xml:16:17-130
124                android:value="com.google.firebase.components.ComponentRegistrar" />
124-->[com.google.firebase:firebase-installations:17.2.0] AndroidManifest.xml:17:17-82
125            <meta-data
125-->[com.google.firebase:firebase-installations:17.2.0] AndroidManifest.xml:18:13-20:85
126                android:name="com.google.firebase.components:com.google.firebase.installations.FirebaseInstallationsRegistrar"
126-->[com.google.firebase:firebase-installations:17.2.0] AndroidManifest.xml:19:17-127
127                android:value="com.google.firebase.components.ComponentRegistrar" />
127-->[com.google.firebase:firebase-installations:17.2.0] AndroidManifest.xml:20:17-82
128            <meta-data
128-->[com.google.firebase:firebase-common-ktx:20.4.3] AndroidManifest.xml:12:13-14:85
129                android:name="com.google.firebase.components:com.google.firebase.ktx.FirebaseCommonLegacyRegistrar"
129-->[com.google.firebase:firebase-common-ktx:20.4.3] AndroidManifest.xml:13:17-116
130                android:value="com.google.firebase.components.ComponentRegistrar" />
130-->[com.google.firebase:firebase-common-ktx:20.4.3] AndroidManifest.xml:14:17-82
131            <meta-data
131-->[com.google.firebase:firebase-common:20.4.3] AndroidManifest.xml:35:13-37:85
132                android:name="com.google.firebase.components:com.google.firebase.FirebaseCommonKtxRegistrar"
132-->[com.google.firebase:firebase-common:20.4.3] AndroidManifest.xml:36:17-109
133                android:value="com.google.firebase.components.ComponentRegistrar" />
133-->[com.google.firebase:firebase-common:20.4.3] AndroidManifest.xml:37:17-82
134            <meta-data
134-->[com.google.firebase:firebase-datatransport:18.1.7] AndroidManifest.xml:27:13-29:85
135                android:name="com.google.firebase.components:com.google.firebase.datatransport.TransportRegistrar"
135-->[com.google.firebase:firebase-datatransport:18.1.7] AndroidManifest.xml:28:17-115
136                android:value="com.google.firebase.components.ComponentRegistrar" />
136-->[com.google.firebase:firebase-datatransport:18.1.7] AndroidManifest.xml:29:17-82
137        </service>
138        <service
138-->[:firebase_messaging] AndroidManifest.xml:16:9-19:72
139            android:name="io.flutter.plugins.firebase.messaging.FlutterFirebaseMessagingBackgroundService"
139-->[:firebase_messaging] AndroidManifest.xml:17:13-107
140            android:exported="false"
140-->[:firebase_messaging] AndroidManifest.xml:18:13-37
141            android:permission="android.permission.BIND_JOB_SERVICE" />
141-->[:firebase_messaging] AndroidManifest.xml:19:13-69
142        <service
142-->[:firebase_messaging] AndroidManifest.xml:20:9-26:19
143            android:name="io.flutter.plugins.firebase.messaging.FlutterFirebaseMessagingService"
143-->[:firebase_messaging] AndroidManifest.xml:21:13-97
144            android:exported="false" >
144-->[:firebase_messaging] AndroidManifest.xml:22:13-37
145            <intent-filter>
145-->[:firebase_messaging] AndroidManifest.xml:23:13-25:29
146                <action android:name="com.google.firebase.MESSAGING_EVENT" />
146-->[:firebase_messaging] AndroidManifest.xml:24:17-78
146-->[:firebase_messaging] AndroidManifest.xml:24:25-75
147            </intent-filter>
148        </service>
149
150        <receiver
150-->[:firebase_messaging] AndroidManifest.xml:28:9-35:20
151            android:name="io.flutter.plugins.firebase.messaging.FlutterFirebaseMessagingReceiver"
151-->[:firebase_messaging] AndroidManifest.xml:29:13-98
152            android:exported="true"
152-->[:firebase_messaging] AndroidManifest.xml:30:13-36
153            android:permission="com.google.android.c2dm.permission.SEND" >
153-->[:firebase_messaging] AndroidManifest.xml:31:13-73
154            <intent-filter>
154-->[:firebase_messaging] AndroidManifest.xml:32:13-34:29
155                <action android:name="com.google.android.c2dm.intent.RECEIVE" />
155-->[:firebase_messaging] AndroidManifest.xml:33:17-81
155-->[:firebase_messaging] AndroidManifest.xml:33:25-78
156            </intent-filter>
157        </receiver>
158
159        <provider
159-->[:firebase_messaging] AndroidManifest.xml:43:9-47:38
160            android:name="io.flutter.plugins.firebase.messaging.FlutterFirebaseMessagingInitProvider"
160-->[:firebase_messaging] AndroidManifest.xml:44:13-102
161            android:authorities="com.example.project_1.flutterfirebasemessaginginitprovider"
161-->[:firebase_messaging] AndroidManifest.xml:45:13-88
162            android:exported="false"
162-->[:firebase_messaging] AndroidManifest.xml:46:13-37
163            android:initOrder="99" />
163-->[:firebase_messaging] AndroidManifest.xml:47:13-35
164
165        <service
165-->[:geolocator_android] AndroidManifest.xml:10:9-14:56
166            android:name="com.baseflow.geolocator.GeolocatorLocationService"
166-->[:geolocator_android] AndroidManifest.xml:11:13-77
167            android:enabled="true"
167-->[:geolocator_android] AndroidManifest.xml:12:13-35
168            android:exported="false"
168-->[:geolocator_android] AndroidManifest.xml:13:13-37
169            android:foregroundServiceType="location" />
169-->[:geolocator_android] AndroidManifest.xml:14:13-53
170
171        <activity
171-->[:flutter_inappwebview] AndroidManifest.xml:16:9-20:47
172            android:name="com.pichillilorenzo.flutter_inappwebview.in_app_browser.InAppBrowserActivity"
172-->[:flutter_inappwebview] AndroidManifest.xml:17:13-104
173            android:configChanges="orientation|keyboardHidden|keyboard|screenSize|locale|layoutDirection|fontScale|screenLayout|density"
173-->[:flutter_inappwebview] AndroidManifest.xml:18:13-137
174            android:exported="false"
174-->[:flutter_inappwebview] AndroidManifest.xml:19:13-37
175            android:theme="@style/AppTheme" />
175-->[:flutter_inappwebview] AndroidManifest.xml:20:13-44
176        <activity
176-->[:flutter_inappwebview] AndroidManifest.xml:21:9-24:55
177            android:name="com.pichillilorenzo.flutter_inappwebview.chrome_custom_tabs.ChromeCustomTabsActivity"
177-->[:flutter_inappwebview] AndroidManifest.xml:22:13-112
178            android:exported="false"
178-->[:flutter_inappwebview] AndroidManifest.xml:23:13-37
179            android:theme="@style/ThemeTransparent" />
179-->[:flutter_inappwebview] AndroidManifest.xml:24:13-52
180        <activity
180-->[:flutter_inappwebview] AndroidManifest.xml:25:9-28:55
181            android:name="com.pichillilorenzo.flutter_inappwebview.chrome_custom_tabs.TrustedWebActivity"
181-->[:flutter_inappwebview] AndroidManifest.xml:26:13-106
182            android:exported="false"
182-->[:flutter_inappwebview] AndroidManifest.xml:27:13-37
183            android:theme="@style/ThemeTransparent" />
183-->[:flutter_inappwebview] AndroidManifest.xml:28:13-52
184        <activity
184-->[:flutter_inappwebview] AndroidManifest.xml:29:9-33:55
185            android:name="com.pichillilorenzo.flutter_inappwebview.chrome_custom_tabs.ChromeCustomTabsActivitySingleInstance"
185-->[:flutter_inappwebview] AndroidManifest.xml:30:13-126
186            android:exported="false"
186-->[:flutter_inappwebview] AndroidManifest.xml:31:13-37
187            android:launchMode="singleInstance"
187-->[:flutter_inappwebview] AndroidManifest.xml:32:13-48
188            android:theme="@style/ThemeTransparent" />
188-->[:flutter_inappwebview] AndroidManifest.xml:33:13-52
189        <activity
189-->[:flutter_inappwebview] AndroidManifest.xml:34:9-38:55
190            android:name="com.pichillilorenzo.flutter_inappwebview.chrome_custom_tabs.TrustedWebActivitySingleInstance"
190-->[:flutter_inappwebview] AndroidManifest.xml:35:13-120
191            android:exported="false"
191-->[:flutter_inappwebview] AndroidManifest.xml:36:13-37
192            android:launchMode="singleInstance"
192-->[:flutter_inappwebview] AndroidManifest.xml:37:13-48
193            android:theme="@style/ThemeTransparent" />
193-->[:flutter_inappwebview] AndroidManifest.xml:38:13-52
194
195        <receiver
195-->[:flutter_inappwebview] AndroidManifest.xml:40:9-43:40
196            android:name="com.pichillilorenzo.flutter_inappwebview.chrome_custom_tabs.ActionBroadcastReceiver"
196-->[:flutter_inappwebview] AndroidManifest.xml:41:13-111
197            android:enabled="true"
197-->[:flutter_inappwebview] AndroidManifest.xml:42:13-35
198            android:exported="false" />
198-->[:flutter_inappwebview] AndroidManifest.xml:43:13-37
199
200        <meta-data
200-->[:flutter_inappwebview] AndroidManifest.xml:45:9-47:36
201            android:name="io.flutter.embedded_views_preview"
201-->[:flutter_inappwebview] AndroidManifest.xml:46:13-61
202            android:value="true" />
202-->[:flutter_inappwebview] AndroidManifest.xml:47:13-33
203        <meta-data
203-->[:pay_android] AndroidManifest.xml:25:9-27:36
204            android:name="com.google.android.gms.wallet.api.enabled"
204-->[:pay_android] AndroidManifest.xml:26:13-69
205            android:value="true" />
205-->[:pay_android] AndroidManifest.xml:27:13-33
206
207        <activity
207-->[com.google.firebase:firebase-auth:22.3.1] AndroidManifest.xml:29:9-46:20
208            android:name="com.google.firebase.auth.internal.GenericIdpActivity"
208-->[com.google.firebase:firebase-auth:22.3.1] AndroidManifest.xml:30:13-80
209            android:excludeFromRecents="true"
209-->[com.google.firebase:firebase-auth:22.3.1] AndroidManifest.xml:31:13-46
210            android:exported="true"
210-->[com.google.firebase:firebase-auth:22.3.1] AndroidManifest.xml:32:13-36
211            android:launchMode="singleTask"
211-->[com.google.firebase:firebase-auth:22.3.1] AndroidManifest.xml:33:13-44
212            android:theme="@android:style/Theme.Translucent.NoTitleBar" >
212-->[com.google.firebase:firebase-auth:22.3.1] AndroidManifest.xml:34:13-72
213            <intent-filter>
213-->[com.google.firebase:firebase-auth:22.3.1] AndroidManifest.xml:35:13-45:29
214                <action android:name="android.intent.action.VIEW" />
214-->[com.google.firebase:firebase-auth:22.3.1] AndroidManifest.xml:36:17-69
214-->[com.google.firebase:firebase-auth:22.3.1] AndroidManifest.xml:36:25-66
215
216                <category android:name="android.intent.category.DEFAULT" />
216-->[com.google.firebase:firebase-auth:22.3.1] AndroidManifest.xml:38:17-76
216-->[com.google.firebase:firebase-auth:22.3.1] AndroidManifest.xml:38:27-73
217                <category android:name="android.intent.category.BROWSABLE" />
217-->[com.google.firebase:firebase-auth:22.3.1] AndroidManifest.xml:39:17-78
217-->[com.google.firebase:firebase-auth:22.3.1] AndroidManifest.xml:39:27-75
218
219                <data
219-->[com.google.firebase:firebase-auth:22.3.1] AndroidManifest.xml:41:17-44:51
220                    android:host="firebase.auth"
220-->[com.google.firebase:firebase-auth:22.3.1] AndroidManifest.xml:42:21-49
221                    android:path="/"
221-->[com.google.firebase:firebase-auth:22.3.1] AndroidManifest.xml:43:21-37
222                    android:scheme="genericidp" />
222-->[com.google.firebase:firebase-auth:22.3.1] AndroidManifest.xml:44:21-48
223            </intent-filter>
224        </activity>
225        <activity
225-->[com.google.firebase:firebase-auth:22.3.1] AndroidManifest.xml:47:9-64:20
226            android:name="com.google.firebase.auth.internal.RecaptchaActivity"
226-->[com.google.firebase:firebase-auth:22.3.1] AndroidManifest.xml:48:13-79
227            android:excludeFromRecents="true"
227-->[com.google.firebase:firebase-auth:22.3.1] AndroidManifest.xml:49:13-46
228            android:exported="true"
228-->[com.google.firebase:firebase-auth:22.3.1] AndroidManifest.xml:50:13-36
229            android:launchMode="singleTask"
229-->[com.google.firebase:firebase-auth:22.3.1] AndroidManifest.xml:51:13-44
230            android:theme="@android:style/Theme.Translucent.NoTitleBar" >
230-->[com.google.firebase:firebase-auth:22.3.1] AndroidManifest.xml:52:13-72
231            <intent-filter>
231-->[com.google.firebase:firebase-auth:22.3.1] AndroidManifest.xml:53:13-63:29
232                <action android:name="android.intent.action.VIEW" />
232-->[com.google.firebase:firebase-auth:22.3.1] AndroidManifest.xml:36:17-69
232-->[com.google.firebase:firebase-auth:22.3.1] AndroidManifest.xml:36:25-66
233
234                <category android:name="android.intent.category.DEFAULT" />
234-->[com.google.firebase:firebase-auth:22.3.1] AndroidManifest.xml:38:17-76
234-->[com.google.firebase:firebase-auth:22.3.1] AndroidManifest.xml:38:27-73
235                <category android:name="android.intent.category.BROWSABLE" />
235-->[com.google.firebase:firebase-auth:22.3.1] AndroidManifest.xml:39:17-78
235-->[com.google.firebase:firebase-auth:22.3.1] AndroidManifest.xml:39:27-75
236
237                <data
237-->[com.google.firebase:firebase-auth:22.3.1] AndroidManifest.xml:41:17-44:51
238                    android:host="firebase.auth"
238-->[com.google.firebase:firebase-auth:22.3.1] AndroidManifest.xml:42:21-49
239                    android:path="/"
239-->[com.google.firebase:firebase-auth:22.3.1] AndroidManifest.xml:43:21-37
240                    android:scheme="recaptcha" />
240-->[com.google.firebase:firebase-auth:22.3.1] AndroidManifest.xml:44:21-48
241            </intent-filter>
242        </activity>
243
244        <receiver
244-->[com.google.firebase:firebase-messaging:23.4.1] AndroidManifest.xml:29:9-40:20
245            android:name="com.google.firebase.iid.FirebaseInstanceIdReceiver"
245-->[com.google.firebase:firebase-messaging:23.4.1] AndroidManifest.xml:30:13-78
246            android:exported="true"
246-->[com.google.firebase:firebase-messaging:23.4.1] AndroidManifest.xml:31:13-36
247            android:permission="com.google.android.c2dm.permission.SEND" >
247-->[com.google.firebase:firebase-messaging:23.4.1] AndroidManifest.xml:32:13-73
248            <intent-filter>
248-->[:firebase_messaging] AndroidManifest.xml:32:13-34:29
249                <action android:name="com.google.android.c2dm.intent.RECEIVE" />
249-->[:firebase_messaging] AndroidManifest.xml:33:17-81
249-->[:firebase_messaging] AndroidManifest.xml:33:25-78
250            </intent-filter>
251
252            <meta-data
252-->[com.google.firebase:firebase-messaging:23.4.1] AndroidManifest.xml:37:13-39:40
253                android:name="com.google.android.gms.cloudmessaging.FINISHED_AFTER_HANDLED"
253-->[com.google.firebase:firebase-messaging:23.4.1] AndroidManifest.xml:38:17-92
254                android:value="true" />
254-->[com.google.firebase:firebase-messaging:23.4.1] AndroidManifest.xml:39:17-37
255        </receiver>
256        <!--
257             FirebaseMessagingService performs security checks at runtime,
258             but set to not exported to explicitly avoid allowing another app to call it.
259        -->
260        <service
260-->[com.google.firebase:firebase-messaging:23.4.1] AndroidManifest.xml:46:9-53:19
261            android:name="com.google.firebase.messaging.FirebaseMessagingService"
261-->[com.google.firebase:firebase-messaging:23.4.1] AndroidManifest.xml:47:13-82
262            android:directBootAware="true"
262-->[com.google.firebase:firebase-messaging:23.4.1] AndroidManifest.xml:48:13-43
263            android:exported="false" >
263-->[com.google.firebase:firebase-messaging:23.4.1] AndroidManifest.xml:49:13-37
264            <intent-filter android:priority="-500" >
264-->[:firebase_messaging] AndroidManifest.xml:23:13-25:29
265                <action android:name="com.google.firebase.MESSAGING_EVENT" />
265-->[:firebase_messaging] AndroidManifest.xml:24:17-78
265-->[:firebase_messaging] AndroidManifest.xml:24:25-75
266            </intent-filter>
267        </service>
268
269        <uses-library
269-->[androidx.window:window:1.0.0-beta04] AndroidManifest.xml:25:9-27:40
270            android:name="androidx.window.extensions"
270-->[androidx.window:window:1.0.0-beta04] AndroidManifest.xml:26:13-54
271            android:required="false" />
271-->[androidx.window:window:1.0.0-beta04] AndroidManifest.xml:27:13-37
272        <uses-library
272-->[androidx.window:window:1.0.0-beta04] AndroidManifest.xml:28:9-30:40
273            android:name="androidx.window.sidecar"
273-->[androidx.window:window:1.0.0-beta04] AndroidManifest.xml:29:13-51
274            android:required="false" />
274-->[androidx.window:window:1.0.0-beta04] AndroidManifest.xml:30:13-37
275
276        <activity
276-->[com.google.android.gms:play-services-auth:21.0.0] AndroidManifest.xml:23:9-27:75
277            android:name="com.google.android.gms.auth.api.signin.internal.SignInHubActivity"
277-->[com.google.android.gms:play-services-auth:21.0.0] AndroidManifest.xml:24:13-93
278            android:excludeFromRecents="true"
278-->[com.google.android.gms:play-services-auth:21.0.0] AndroidManifest.xml:25:13-46
279            android:exported="false"
279-->[com.google.android.gms:play-services-auth:21.0.0] AndroidManifest.xml:26:13-37
280            android:theme="@android:style/Theme.Translucent.NoTitleBar" />
280-->[com.google.android.gms:play-services-auth:21.0.0] AndroidManifest.xml:27:13-72
281        <!--
282            Service handling Google Sign-In user revocation. For apps that do not integrate with
283            Google Sign-In, this service will never be started.
284        -->
285        <service
285-->[com.google.android.gms:play-services-auth:21.0.0] AndroidManifest.xml:33:9-37:51
286            android:name="com.google.android.gms.auth.api.signin.RevocationBoundService"
286-->[com.google.android.gms:play-services-auth:21.0.0] AndroidManifest.xml:34:13-89
287            android:exported="true"
287-->[com.google.android.gms:play-services-auth:21.0.0] AndroidManifest.xml:35:13-36